-------------------------------------------------------------------------------
Test set: TestSuite
-------------------------------------------------------------------------------
Tests run: 4, Failures: 2, Errors: 0, Skipped: 0, Time elapsed: 96.842 sec <<< FAILURE! - in TestSuite
positiveSearchTrainsOneWayTicket(example.project.HomePageTest)  Time elapsed: 18.88 sec  <<< FAILURE!
java.lang.AssertionError: Not passed. Some verifications are not passed. expected [true] but found [false]
	at example.project.HomePageTest.positiveSearchTrainsOneWayTicket(HomePageTest.java:80)

positiveSearchTrainsOneWayTicket(example.project.HomePageTest)  Time elapsed: 15.249 sec  <<< FAILURE!
java.lang.AssertionError: Not passed. Some verifications are not passed. expected [true] but found [false]
	at example.project.HomePageTest.positiveSearchTrainsOneWayTicket(HomePageTest.java:80)

