-------------------------------------------------------------------------------
Test set: TestSuite
-------------------------------------------------------------------------------
Tests run: 3, Failures: 1, Errors: 0, Skipped: 0, Time elapsed: 21.822 sec <<< FAILURE! - in TestSuite
negativeLoginTest(com.panel.LoginMarinaTest)  Time elapsed: 5.65 sec  <<< FAILURE!
org.testng.TestNGException: 

Method public void com.panel.LoginMarinaTest.negativeLoginTest(java.lang.String,java.lang.String) requires a @DataProvider named : invalidLogin in class com.panel.DataProviders

