<?xml version="1.0" encoding="UTF-8"?>
<testsuite xmlns:xsi="http://www.w3.org/2001/XMLSchema-instance" xsi:schemaLocation="https://maven.apache.org/surefire/maven-surefire-plugin/xsd/surefire-test-report.xsd" name="TestSuite" time="96.842" tests="4" errors="0" skipped="0" failures="2">
  <properties>
[...]
</properties>
  <testcase name="positiveApplicationLoadingTest" classname="example.project.HomePageTest" time="0.286"/>
  <testcase name="positiveSearchTrainsOneWayTicket" classname="example.project.HomePageTest" time="17.987"/>
  <testcase name="positiveSearchTrainsOneWayTicket" classname="example.project.HomePageTest" time="18.88">
    <failure message="Not passed. Some verifications are not passed. expected [true] but found [false]" type="java.lang.AssertionError">java.lang.AssertionError: Not passed. Some verifications are not passed. expected [true] but found [false]
	at example.project.HomePageTest.positiveSearchTrainsOneWayTicket(HomePageTest.java:80)
</failure>
    <system-out><![CDATA[2017-05-03 22:29:04 INFO  LogLog4j:110 - Waiting for home page (time 50)
2
2017-05-03 22:29:05 INFO  LogLog4j:70 - ----Test: positiveSearchTrainsOneWayTicket: Rehovot (E. Hadar), Netanya, D, 1, 10:00
2017-05-03 22:29:05 INFO  LogLog4j:68 - Choosing Origin Station: Rehovot (E. Hadar)
2017-05-03 22:29:05 INFO  LogLog4j:74 - Choosing Destination Station: Netanya
2017-05-03 22:29:06 INFO  LogLog4j:80 - Filling data field for one way ticket
2017-05-03 22:29:07 INFO  LogLog4j:93 - Clicking departure or arrival check box for one way ticket: nothing
2017-05-03 22:29:07 INFO  LogLog4j:98 - Choosing departure time for one way ticket
2017-05-03 22:29:07 INFO  LogLog4j:104 - Clicking on Search button
2017-05-03 22:29:21 INFO  LogLog4j:39 - Waiting for Drive Plan - Choose Train (time 50)
2017-05-03 22:29:22 INFO  LogLog4j:46 - Is Drive Plan - Choose Train page
2017-05-03 22:29:23 INFO  LogLog4j:51 - Verification - is one way ticket: true
2017-05-03 22:29:23 INFO  LogLog4j:64 - Verification - is origin station correct: true
2017-05-03 22:29:23 INFO  LogLog4j:70 - Verification - is destintion station correct: true
2017-05-03 22:29:24 INFO  LogLog4j:58 - Verification - is one way date correct: false
]]></system-out>
  </testcase>
  <testcase name="positiveSearchTrainsOneWayTicket" classname="example.project.HomePageTest" time="15.249">
    <failure message="Not passed. Some verifications are not passed. expected [true] but found [false]" type="java.lang.AssertionError">java.lang.AssertionError: Not passed. Some verifications are not passed. expected [true] but found [false]
	at example.project.HomePageTest.positiveSearchTrainsOneWayTicket(HomePageTest.java:80)
</failure>
    <system-out><![CDATA[2017-05-03 22:29:30 INFO  LogLog4j:110 - Waiting for home page (time 50)
3
2017-05-03 22:29:31 INFO  LogLog4j:70 - ----Test: positiveSearchTrainsOneWayTicket: Dimona, Lod, N, 2, 17:00
2017-05-03 22:29:31 INFO  LogLog4j:68 - Choosing Origin Station: Dimona
2017-05-03 22:29:32 INFO  LogLog4j:74 - Choosing Destination Station: Lod
2017-05-03 22:29:32 INFO  LogLog4j:80 - Filling data field for one way ticket
2017-05-03 22:29:33 INFO  LogLog4j:93 - Clicking departure or arrival check box for one way ticket: nothing
2017-05-03 22:29:33 INFO  LogLog4j:98 - Choosing departure time for one way ticket
2017-05-03 22:29:33 INFO  LogLog4j:104 - Clicking on Search button
2017-05-03 22:29:44 INFO  LogLog4j:39 - Waiting for Drive Plan - Choose Train (time 50)
2017-05-03 22:29:44 INFO  LogLog4j:46 - Is Drive Plan - Choose Train page
2017-05-03 22:29:45 INFO  LogLog4j:51 - Verification - is one way ticket: true
2017-05-03 22:29:45 INFO  LogLog4j:64 - Verification - is origin station correct: true
2017-05-03 22:29:46 INFO  LogLog4j:70 - Verification - is destintion station correct: true
2017-05-03 22:29:46 INFO  LogLog4j:58 - Verification - is one way date correct: false
]]></system-out>
  </testcase>
</testsuite>