<?xml version="1.0" encoding="UTF-8"?>
<!-- Generated by org.testng.reporters.JUnitXMLReporter -->
<testsuite hostname="pcz5075" ignored="6" name="Test1" tests="3" failures="1" timestamp="26 Mar 2017 08:38:47 GMT" time="19.414" errors="0">
  <testcase name="negativeLoginTest" time="0.0" classname="com.panel.LoginMarinaTest">
    <failure type="org.testng.TestNGException" message="
Method public void com.panel.LoginMarinaTest.negativeLoginTest(java.lang.String,java.lang.String) requires a @DataProvider named : invalidLogin in class com.panel.DataProviders">
      <![CDATA[org.testng.TestNGException: 
Method public void com.panel.LoginMarinaTest.negativeLoginTest(java.lang.String,java.lang.String) requires a @DataProvider named : invalidLogin in class com.panel.DataProviders
... Removed 25 stack frames]]>
    </failure>
  </testcase> <!-- negativeLoginTest -->
  <testcase name="positiveAdminLoginTest" time="6.962" classname="com.panel.LoginMarinaTest"/>
  <testcase name="positiveCompaniesPageLoading" time="0.252" classname="com.panel.CompaniesMarinaTest"/>
  <testcase name="positiveCompaniesPageLSNavigationMenuManagementListHebrew" time="0.0" classname="com.panel.CompaniesMarinaTest">
    <ignored/>
  </testcase> <!-- positiveCompaniesPageLSNavigationMenuManagementListHebrew -->
  <testcase name="positiveCompaniesPageLSProjectButtonsonEnglish" time="0.0" classname="com.panel.CompaniesMarinaTest">
    <ignored/>
  </testcase> <!-- positiveCompaniesPageLSProjectButtonsonEnglish -->
  <testcase name="positiveCompaniesPageLSProjectButtonsonHebrew" time="0.0" classname="com.panel.CompaniesMarinaTest">
    <ignored/>
  </testcase> <!-- positiveCompaniesPageLSProjectButtonsonHebrew -->
  <testcase name="positiveCompaniesPageLSNavigationMenuManagementListEnglish" time="0.0" classname="com.panel.CompaniesMarinaTest">
    <ignored/>
  </testcase> <!-- positiveCompaniesPageLSNavigationMenuManagementListEnglish -->
  <testcase name="@BeforeSuite initTestSuite" time="0.0" classname="com.panel.TestNgTestBase">
    <ignored/>
  </testcase> <!-- @BeforeSuite initTestSuite -->
  <testcase name="@AfterSuite tearDown" time="0.0" classname="com.panel.TestNgTestBase">
    <ignored/>
  </testcase> <!-- @AfterSuite tearDown -->
</testsuite> <!-- Test1 -->
